    OpenRGB v0.9
    Commit:  from 
    Launched: 20240821_200803
====================================================================================================

0     |Info:    Found file: Main.orp attempting to validate header
0     |Info:    Valid v4 profile found for Main
1002  |Info:    ------------------------------------------------------
1002  |Info:    |               Start device detection               |
1002  |Info:    ------------------------------------------------------
1002  |Info:    Initializing HID interfaces: Success
1007  |Info:    ------------------------------------------------------
1007  |Info:    |             Detecting I2C interfaces               |
1007  |Info:    ------------------------------------------------------
1007  |Info:    Registering I2C interface: /dev/i2c-3 Device 10DE:2704 Subsystem: 10DE:167A
1008  |Info:    Registering I2C interface: /dev/i2c-1 Device 10DE:2704 Subsystem: 10DE:167A
1008  |Info:    Registering I2C interface: /dev/i2c-8 Device 1022:790B Subsystem: 1043:8877
1008  |Info:    Registering I2C interface: /dev/i2c-6 Device 1022:790B Subsystem: 1043:8877
1008  |Info:    Registering I2C interface: /dev/i2c-4 Device 10DE:2704 Subsystem: 10DE:167A
1008  |Info:    Registering I2C interface: /dev/i2c-2 Device 10DE:2704 Subsystem: 10DE:167A
1008  |Info:    Registering I2C interface: /dev/i2c-0 Device 0000:0000 Subsystem: 0000:0000
1008  |Info:    Registering I2C interface: /dev/i2c-7 Device 1022:790B Subsystem: 1043:8877
1008  |Info:    Registering I2C interface: /dev/i2c-5 Device 10DE:2704 Subsystem: 10DE:167A
1008  |Info:    ------------------------------------------------------
1008  |Info:    |               Detecting I2C devices                |
1008  |Info:    ------------------------------------------------------
2026  |Info:    ------------------------------------------------------
2026  |Info:    |               Detecting I2C PCI devices            |
2026  |Info:    ------------------------------------------------------
2027  |Info:    ------------------------------------------------------
2027  |Info:    |               Detecting HID devices                |
2027  |Info:    ------------------------------------------------------
2046  |Info:    [Sony DualShock 4] Registering RGB controller
2130  |Info:    [ASUS TUF GAMING X670E-PLUS] Registering RGB controller
2130  |Info:    ------------------------------------------------------
2130  |Info:    |            Detecting libusb HID devices            |
2130  |Info:    ------------------------------------------------------
2184  |Info:    ------------------------------------------------------
2184  |Info:    |              Detecting other devices               |
2184  |Info:    ------------------------------------------------------
2189  |Info:    ------------------------------------------------------
2189  |Info:    |                Detection completed                 |
2189  |Info:    ------------------------------------------------------
2190  |Info:    Profile loading: Succeeded for Sony DualShock 4 @ HID: /dev/hidraw10
2190  |Info:    Profile loading: Succeeded for ASUS TUF GAMING X670E-PLUS @ HID: /dev/hidraw6
