    OpenRGB v0.9
    Commit:  from 
    Launched: 20240615_131804
====================================================================================================

0     |Info:    Found file: Main.orp attempting to validate header
0     |Info:    Valid v4 profile found for Main
1002  |Info:    ------------------------------------------------------
1002  |Info:    |               Start device detection               |
1002  |Info:    ------------------------------------------------------
1002  |Info:    Initializing HID interfaces: Success
4773  |Info:    ------------------------------------------------------
4773  |Info:    |             Detecting I2C interfaces               |
4773  |Info:    ------------------------------------------------------
4773  |Info:    Registering I2C interface: /dev/i2c-3 Device 10DE:2704 Subsystem: 10DE:167A
4773  |Info:    Registering I2C interface: /dev/i2c-1 Device 10DE:2704 Subsystem: 10DE:167A
4773  |Info:    Registering I2C interface: /dev/i2c-8 Device 1022:790B Subsystem: 1043:8877
4773  |Info:    Registering I2C interface: /dev/i2c-6 Device 1022:790B Subsystem: 1043:8877
4773  |Info:    Registering I2C interface: /dev/i2c-4 Device 10DE:2704 Subsystem: 10DE:167A
4774  |Info:    Registering I2C interface: /dev/i2c-2 Device 10DE:2704 Subsystem: 10DE:167A
4774  |Info:    Registering I2C interface: /dev/i2c-0 Device 0000:0000 Subsystem: 0000:0000
4774  |Info:    Registering I2C interface: /dev/i2c-7 Device 1022:790B Subsystem: 1043:8877
4774  |Info:    Registering I2C interface: /dev/i2c-5 Device 10DE:2704 Subsystem: 10DE:167A
4774  |Info:    ------------------------------------------------------
4774  |Info:    |               Detecting I2C devices                |
4774  |Info:    ------------------------------------------------------
5793  |Info:    ------------------------------------------------------
5793  |Info:    |               Detecting I2C PCI devices            |
5793  |Info:    ------------------------------------------------------
5793  |Info:    ------------------------------------------------------
5793  |Info:    |               Detecting HID devices                |
5793  |Info:    ------------------------------------------------------
7279  |Info:    [Corsair K70 RGB] Registering RGB controller
7296  |Info:    [Sony DualShock 4] Registering RGB controller
7381  |Info:    [ASUS TUF GAMING X670E-PLUS] Registering RGB controller
7381  |Info:    ------------------------------------------------------
7381  |Info:    |            Detecting libusb HID devices            |
7381  |Info:    ------------------------------------------------------
7491  |Info:    ------------------------------------------------------
7491  |Info:    |              Detecting other devices               |
7491  |Info:    ------------------------------------------------------
7497  |Info:    ------------------------------------------------------
7497  |Info:    |                Detection completed                 |
7497  |Info:    ------------------------------------------------------
7497  |Info:    Profile loading: Succeeded for Corsair K70 RGB @ HID: /dev/hidraw7
7497  |Info:    Profile loading: Succeeded for Sony DualShock 4 @ HID: /dev/hidraw12
7497  |Info:    Profile loading: Succeeded for ASUS TUF GAMING X670E-PLUS @ HID: /dev/hidraw5
