    OpenRGB v0.9
    Commit:  from 
    Launched: 20240621_194729
====================================================================================================

7     |Info:    Found file: Main.orp attempting to validate header
7     |Info:    Valid v4 profile found for Main
1008  |Info:    ------------------------------------------------------
1008  |Info:    |               Start device detection               |
1008  |Info:    ------------------------------------------------------
1008  |Info:    Initializing HID interfaces: Success
1015  |Info:    ------------------------------------------------------
1015  |Info:    |             Detecting I2C interfaces               |
1015  |Info:    ------------------------------------------------------
1015  |Info:    Registering I2C interface: /dev/i2c-3 Device 10DE:2704 Subsystem: 10DE:167A
1015  |Info:    Registering I2C interface: /dev/i2c-1 Device 10DE:2704 Subsystem: 10DE:167A
1015  |Info:    Registering I2C interface: /dev/i2c-8 Device 1022:790B Subsystem: 1043:8877
1015  |Info:    Registering I2C interface: /dev/i2c-6 Device 1022:790B Subsystem: 1043:8877
1015  |Info:    Registering I2C interface: /dev/i2c-4 Device 10DE:2704 Subsystem: 10DE:167A
1015  |Info:    Registering I2C interface: /dev/i2c-2 Device 10DE:2704 Subsystem: 10DE:167A
1015  |Info:    Registering I2C interface: /dev/i2c-0 Device 0000:0000 Subsystem: 0000:0000
1015  |Info:    Registering I2C interface: /dev/i2c-7 Device 1022:790B Subsystem: 1043:8877
1015  |Info:    Registering I2C interface: /dev/i2c-5 Device 10DE:2704 Subsystem: 10DE:167A
1015  |Info:    ------------------------------------------------------
1015  |Info:    |               Detecting I2C devices                |
1015  |Info:    ------------------------------------------------------
2032  |Info:    ------------------------------------------------------
2032  |Info:    |               Detecting I2C PCI devices            |
2032  |Info:    ------------------------------------------------------
2033  |Info:    ------------------------------------------------------
2033  |Info:    |               Detecting HID devices                |
2033  |Info:    ------------------------------------------------------
3505  |Info:    [Corsair K70 RGB] Registering RGB controller
3522  |Info:    [Sony DualShock 4] Registering RGB controller
3599  |Info:    [ASUS TUF GAMING X670E-PLUS] Registering RGB controller
3599  |Info:    ------------------------------------------------------
3599  |Info:    |            Detecting libusb HID devices            |
3599  |Info:    ------------------------------------------------------
3708  |Info:    ------------------------------------------------------
3708  |Info:    |              Detecting other devices               |
3708  |Info:    ------------------------------------------------------
3715  |Info:    ------------------------------------------------------
3715  |Info:    |                Detection completed                 |
3715  |Info:    ------------------------------------------------------
