    OpenRGB v0.9
    Commit:  from 
    Launched: 20240629_113119
====================================================================================================

0     |Info:    Found file: Main.orp attempting to validate header
1     |Info:    Valid v4 profile found for Main
1003  |Info:    ------------------------------------------------------
1003  |Info:    |               Start device detection               |
1003  |Info:    ------------------------------------------------------
1003  |Info:    Initializing HID interfaces: Success
1010  |Info:    ------------------------------------------------------
1010  |Info:    |             Detecting I2C interfaces               |
1010  |Info:    ------------------------------------------------------
1010  |Info:    Registering I2C interface: /dev/i2c-3 Device 10DE:2704 Subsystem: 10DE:167A
1010  |Info:    Registering I2C interface: /dev/i2c-1 Device 10DE:2704 Subsystem: 10DE:167A
1010  |Info:    Registering I2C interface: /dev/i2c-8 Device 1022:790B Subsystem: 1043:8877
1011  |Info:    Registering I2C interface: /dev/i2c-6 Device 1022:790B Subsystem: 1043:8877
1011  |Info:    Registering I2C interface: /dev/i2c-4 Device 10DE:2704 Subsystem: 10DE:167A
1011  |Info:    Registering I2C interface: /dev/i2c-2 Device 10DE:2704 Subsystem: 10DE:167A
1011  |Info:    Registering I2C interface: /dev/i2c-0 Device 0000:0000 Subsystem: 0000:0000
1011  |Info:    Registering I2C interface: /dev/i2c-7 Device 1022:790B Subsystem: 1043:8877
1011  |Info:    Registering I2C interface: /dev/i2c-5 Device 10DE:2704 Subsystem: 10DE:167A
1011  |Info:    ------------------------------------------------------
1011  |Info:    |               Detecting I2C devices                |
1011  |Info:    ------------------------------------------------------
2060  |Info:    ------------------------------------------------------
2060  |Info:    |               Detecting I2C PCI devices            |
2061  |Info:    ------------------------------------------------------
2061  |Info:    ------------------------------------------------------
2061  |Info:    |               Detecting HID devices                |
2061  |Info:    ------------------------------------------------------
3547  |Info:    [Corsair K70 RGB] Registering RGB controller
3566  |Info:    [Sony DualShock 4] Registering RGB controller
3650  |Info:    [ASUS TUF GAMING X670E-PLUS] Registering RGB controller
3650  |Info:    ------------------------------------------------------
3650  |Info:    |            Detecting libusb HID devices            |
3650  |Info:    ------------------------------------------------------
3770  |Info:    ------------------------------------------------------
3770  |Info:    |              Detecting other devices               |
3770  |Info:    ------------------------------------------------------
3777  |Info:    ------------------------------------------------------
3777  |Info:    |                Detection completed                 |
3777  |Info:    ------------------------------------------------------
3777  |Info:    Profile loading: Succeeded for Corsair K70 RGB @ HID: /dev/hidraw7
3777  |Info:    Profile loading: Succeeded for Sony DualShock 4 @ HID: /dev/hidraw12
3777  |Info:    Profile loading: Succeeded for ASUS TUF GAMING X670E-PLUS @ HID: /dev/hidraw5
