    OpenRGB v0.9
    Commit:  from 
    Launched: 20240526_093305
====================================================================================================

7     |Info:    Found file: Main.orp attempting to validate header
7     |Info:    Valid v4 profile found for Main
1008  |Info:    ------------------------------------------------------
1008  |Info:    |               Start device detection               |
1008  |Info:    ------------------------------------------------------
1008  |Info:    Initializing HID interfaces: Success
1015  |Info:    ------------------------------------------------------
1015  |Info:    |             Detecting I2C interfaces               |
1015  |Info:    ------------------------------------------------------
1015  |Info:    Registering I2C interface: /dev/i2c-3 Device 10DE:2704 Subsystem: 10DE:167A
1015  |Info:    Registering I2C interface: /dev/i2c-1 Device 10DE:2704 Subsystem: 10DE:167A
1016  |Info:    Registering I2C interface: /dev/i2c-8 Device 1022:790B Subsystem: 1043:8877
1016  |Info:    Registering I2C interface: /dev/i2c-6 Device 1022:790B Subsystem: 1043:8877
1016  |Info:    Registering I2C interface: /dev/i2c-4 Device 10DE:2704 Subsystem: 10DE:167A
1016  |Info:    Registering I2C interface: /dev/i2c-2 Device 10DE:2704 Subsystem: 10DE:167A
1016  |Info:    Registering I2C interface: /dev/i2c-0 Device 0000:0000 Subsystem: 0000:0000
1016  |Info:    Registering I2C interface: /dev/i2c-7 Device 1022:790B Subsystem: 1043:8877
1016  |Info:    Registering I2C interface: /dev/i2c-5 Device 10DE:2704 Subsystem: 10DE:167A
1016  |Info:    ------------------------------------------------------
1016  |Info:    |               Detecting I2C devices                |
1016  |Info:    ------------------------------------------------------
1123  |Warning: [PluginManager] Plugin /home/beechman/.config/OpenRGB/plugins/OpenRGBEffectsPlugin_0.8_Linux_64_a82937c.so has an incompatible API version
2036  |Info:    ------------------------------------------------------
2036  |Info:    |               Detecting I2C PCI devices            |
2036  |Info:    ------------------------------------------------------
2036  |Info:    ------------------------------------------------------
2036  |Info:    |               Detecting HID devices                |
2036  |Info:    ------------------------------------------------------
3508  |Info:    [Corsair K70 RGB] Registering RGB controller
3527  |Info:    [Sony DualShock 4] Registering RGB controller
3605  |Info:    [ASUS TUF GAMING X670E-PLUS] Registering RGB controller
3605  |Info:    ------------------------------------------------------
3605  |Info:    |            Detecting libusb HID devices            |
3605  |Info:    ------------------------------------------------------
3778  |Info:    ------------------------------------------------------
3778  |Info:    |              Detecting other devices               |
3778  |Info:    ------------------------------------------------------
3785  |Info:    ------------------------------------------------------
3785  |Info:    |                Detection completed                 |
3785  |Info:    ------------------------------------------------------
