    OpenRGB v0.9
    Commit:  from 
    Launched: 20240526_093409
====================================================================================================

7     |Info:    Found file: Main.orp attempting to validate header
7     |Info:    Valid v4 profile found for Main
1008  |Info:    ------------------------------------------------------
1008  |Info:    |               Start device detection               |
1008  |Info:    ------------------------------------------------------
1008  |Info:    Initializing HID interfaces: Success
1015  |Info:    ------------------------------------------------------
1015  |Info:    |             Detecting I2C interfaces               |
1015  |Info:    ------------------------------------------------------
1015  |Info:    Registering I2C interface: /dev/i2c-3 Device 10DE:2704 Subsystem: 10DE:167A
1015  |Info:    Registering I2C interface: /dev/i2c-1 Device 10DE:2704 Subsystem: 10DE:167A
1015  |Info:    Registering I2C interface: /dev/i2c-8 Device 1022:790B Subsystem: 1043:8877
1015  |Info:    Registering I2C interface: /dev/i2c-6 Device 1022:790B Subsystem: 1043:8877
1015  |Info:    Registering I2C interface: /dev/i2c-4 Device 10DE:2704 Subsystem: 10DE:167A
1015  |Info:    Registering I2C interface: /dev/i2c-2 Device 10DE:2704 Subsystem: 10DE:167A
1015  |Info:    Registering I2C interface: /dev/i2c-0 Device 0000:0000 Subsystem: 0000:0000
1015  |Info:    Registering I2C interface: /dev/i2c-7 Device 1022:790B Subsystem: 1043:8877
1015  |Info:    Registering I2C interface: /dev/i2c-5 Device 10DE:2704 Subsystem: 10DE:167A
1015  |Info:    ------------------------------------------------------
1015  |Info:    |               Detecting I2C devices                |
1015  |Info:    ------------------------------------------------------
1047  |Warning: [PluginManager] Plugin /home/beechman/.config/OpenRGB/plugins/OpenRGBEffectsPlugin_0.8_Linux_64_a82937c.so has an incompatible API version
2033  |Info:    ------------------------------------------------------
2033  |Info:    |               Detecting I2C PCI devices            |
2033  |Info:    ------------------------------------------------------
2034  |Info:    ------------------------------------------------------
2034  |Info:    |               Detecting HID devices                |
2034  |Info:    ------------------------------------------------------
3504  |Info:    [Corsair K70 RGB] Registering RGB controller
3523  |Info:    [Sony DualShock 4] Registering RGB controller
3605  |Info:    [ASUS TUF GAMING X670E-PLUS] Registering RGB controller
3605  |Info:    ------------------------------------------------------
3605  |Info:    |            Detecting libusb HID devices            |
3605  |Info:    ------------------------------------------------------
3715  |Info:    ------------------------------------------------------
3715  |Info:    |              Detecting other devices               |
3715  |Info:    ------------------------------------------------------
3722  |Info:    ------------------------------------------------------
3722  |Info:    |                Detection completed                 |
3722  |Info:    ------------------------------------------------------
9474  |Info:    ------------------------------------------------------
9474  |Info:    |               Start device detection               |
9474  |Info:    ------------------------------------------------------
9475  |Info:    Initializing HID interfaces: Success
9481  |Info:    ------------------------------------------------------
9481  |Info:    |             Detecting I2C interfaces               |
9481  |Info:    ------------------------------------------------------
9481  |Info:    Registering I2C interface: /dev/i2c-3 Device 10DE:2704 Subsystem: 10DE:167A
9481  |Info:    Registering I2C interface: /dev/i2c-1 Device 10DE:2704 Subsystem: 10DE:167A
9481  |Info:    Registering I2C interface: /dev/i2c-8 Device 1022:790B Subsystem: 1043:8877
9481  |Info:    Registering I2C interface: /dev/i2c-6 Device 1022:790B Subsystem: 1043:8877
9481  |Info:    Registering I2C interface: /dev/i2c-4 Device 10DE:2704 Subsystem: 10DE:167A
9482  |Info:    Registering I2C interface: /dev/i2c-2 Device 10DE:2704 Subsystem: 10DE:167A
9482  |Info:    Registering I2C interface: /dev/i2c-0 Device 0000:0000 Subsystem: 0000:0000
9482  |Info:    Registering I2C interface: /dev/i2c-7 Device 1022:790B Subsystem: 1043:8877
9482  |Info:    Registering I2C interface: /dev/i2c-5 Device 10DE:2704 Subsystem: 10DE:167A
9482  |Info:    ------------------------------------------------------
9482  |Info:    |               Detecting I2C devices                |
9482  |Info:    ------------------------------------------------------
10505 |Info:    ------------------------------------------------------
10505 |Info:    |               Detecting I2C PCI devices            |
10505 |Info:    ------------------------------------------------------
10505 |Info:    ------------------------------------------------------
10505 |Info:    |               Detecting HID devices                |
10505 |Info:    ------------------------------------------------------
11974 |Info:    [Corsair K70 RGB] Registering RGB controller
11992 |Info:    [Sony DualShock 4] Registering RGB controller
12070 |Info:    [ASUS TUF GAMING X670E-PLUS] Registering RGB controller
12070 |Info:    ------------------------------------------------------
12070 |Info:    |            Detecting libusb HID devices            |
12070 |Info:    ------------------------------------------------------
12173 |Info:    ------------------------------------------------------
12173 |Info:    |              Detecting other devices               |
12173 |Info:    ------------------------------------------------------
12174 |Info:    ------------------------------------------------------
12174 |Info:    |                Detection completed                 |
12174 |Info:    ------------------------------------------------------
