    OpenRGB v0.9
    Commit:  from 
    Launched: 20240525_224432
====================================================================================================

0     |Info:    Found file: Main.orp attempting to validate header
0     |Info:    Valid v3 profile found for Main
1001  |Info:    ------------------------------------------------------
1001  |Info:    |               Start device detection               |
1001  |Info:    ------------------------------------------------------
1001  |Info:    Initializing HID interfaces: Success
1008  |Info:    ------------------------------------------------------
1008  |Info:    |             Detecting I2C interfaces               |
1008  |Info:    ------------------------------------------------------
1008  |Info:    Registering I2C interface: /dev/i2c-3 Device 10DE:2704 Subsystem: 10DE:167A
1008  |Info:    Registering I2C interface: /dev/i2c-1 Device 10DE:2704 Subsystem: 10DE:167A
1008  |Info:    Registering I2C interface: /dev/i2c-8 Device 1022:790B Subsystem: 1043:8877
1008  |Info:    Registering I2C interface: /dev/i2c-6 Device 1022:790B Subsystem: 1043:8877
1008  |Info:    Registering I2C interface: /dev/i2c-4 Device 10DE:2704 Subsystem: 10DE:167A
1008  |Info:    Registering I2C interface: /dev/i2c-2 Device 10DE:2704 Subsystem: 10DE:167A
1008  |Info:    Registering I2C interface: /dev/i2c-0 Device 0000:0000 Subsystem: 0000:0000
1008  |Info:    Registering I2C interface: /dev/i2c-7 Device 1022:790B Subsystem: 1043:8877
1008  |Info:    Registering I2C interface: /dev/i2c-5 Device 10DE:2704 Subsystem: 10DE:167A
1008  |Info:    ------------------------------------------------------
1008  |Info:    |               Detecting I2C devices                |
1008  |Info:    ------------------------------------------------------
1115  |Warning: [PluginManager] Plugin /home/beechman/.config/OpenRGB/plugins/OpenRGBEffectsPlugin_0.8_Linux_64_a82937c.so has an incompatible API version
2027  |Info:    ------------------------------------------------------
2027  |Info:    |               Detecting I2C PCI devices            |
2027  |Info:    ------------------------------------------------------
2027  |Info:    ------------------------------------------------------
2027  |Info:    |               Detecting HID devices                |
2027  |Info:    ------------------------------------------------------
3500  |Info:    [Corsair K70 RGB] Registering RGB controller
3519  |Info:    [Sony DualShock 4] Registering RGB controller
3597  |Info:    [ASUS TUF GAMING X670E-PLUS] Registering RGB controller
3597  |Info:    ------------------------------------------------------
3597  |Info:    |            Detecting libusb HID devices            |
3597  |Info:    ------------------------------------------------------
4473  |Info:    ------------------------------------------------------
4473  |Info:    |              Detecting other devices               |
4473  |Info:    ------------------------------------------------------
4480  |Info:    ------------------------------------------------------
4480  |Info:    |                Detection completed                 |
4480  |Info:    ------------------------------------------------------
13083 |Info:    Profile loading: FAILED! for Corsair K70 RGB @ HID: /dev/hidraw3
13083 |Info:    Profile loading: FAILED! for Sony DualShock 4 @ HID: /dev/hidraw4
13083 |Info:    Profile loading: FAILED! for ASUS TUF GAMING X670E-PLUS @ HID: /dev/hidraw10
21904 |Info:    Profile loading: FAILED! for Corsair K70 RGB @ HID: /dev/hidraw3
21904 |Info:    Profile loading: FAILED! for Sony DualShock 4 @ HID: /dev/hidraw4
21904 |Info:    Profile loading: FAILED! for ASUS TUF GAMING X670E-PLUS @ HID: /dev/hidraw10
85827 |Info:    ------------------------------------------------------
85827 |Info:    |               Start device detection               |
85827 |Info:    ------------------------------------------------------
85827 |Info:    Initializing HID interfaces: Success
85833 |Info:    ------------------------------------------------------
85833 |Info:    |             Detecting I2C interfaces               |
85833 |Info:    ------------------------------------------------------
85834 |Info:    Registering I2C interface: /dev/i2c-3 Device 10DE:2704 Subsystem: 10DE:167A
85834 |Info:    Registering I2C interface: /dev/i2c-1 Device 10DE:2704 Subsystem: 10DE:167A
85834 |Info:    Registering I2C interface: /dev/i2c-8 Device 1022:790B Subsystem: 1043:8877
85834 |Info:    Registering I2C interface: /dev/i2c-6 Device 1022:790B Subsystem: 1043:8877
85834 |Info:    Registering I2C interface: /dev/i2c-4 Device 10DE:2704 Subsystem: 10DE:167A
85834 |Info:    Registering I2C interface: /dev/i2c-2 Device 10DE:2704 Subsystem: 10DE:167A
85834 |Info:    Registering I2C interface: /dev/i2c-0 Device 0000:0000 Subsystem: 0000:0000
85834 |Info:    Registering I2C interface: /dev/i2c-7 Device 1022:790B Subsystem: 1043:8877
85834 |Info:    Registering I2C interface: /dev/i2c-5 Device 10DE:2704 Subsystem: 10DE:167A
85834 |Info:    ------------------------------------------------------
85834 |Info:    |               Detecting I2C devices                |
85834 |Info:    ------------------------------------------------------
86854 |Info:    ------------------------------------------------------
86854 |Info:    |               Detecting I2C PCI devices            |
86854 |Info:    ------------------------------------------------------
86854 |Info:    ------------------------------------------------------
86854 |Info:    |               Detecting HID devices                |
86854 |Info:    ------------------------------------------------------
88327 |Info:    [Corsair K70 RGB] Registering RGB controller
88344 |Info:    [Sony DualShock 4] Registering RGB controller
88426 |Info:    [ASUS TUF GAMING X670E-PLUS] Registering RGB controller
88426 |Info:    ------------------------------------------------------
88426 |Info:    |            Detecting libusb HID devices            |
88426 |Info:    ------------------------------------------------------
89000 |Info:    ------------------------------------------------------
89000 |Info:    |              Detecting other devices               |
89000 |Info:    ------------------------------------------------------
89000 |Info:    ------------------------------------------------------
89000 |Info:    |                Detection completed                 |
89000 |Info:    ------------------------------------------------------
136362|Info:    Found file: Main.orp attempting to validate header
136362|Info:    Valid v4 profile found for Main
606663|Info:    ------------------------------------------------------
606663|Info:    |               Start device detection               |
606663|Info:    ------------------------------------------------------
606664|Info:    Initializing HID interfaces: Success
606670|Info:    ------------------------------------------------------
606670|Info:    |             Detecting I2C interfaces               |
606670|Info:    ------------------------------------------------------
606670|Info:    Registering I2C interface: /dev/i2c-3 Device 10DE:2704 Subsystem: 10DE:167A
606670|Info:    Registering I2C interface: /dev/i2c-1 Device 10DE:2704 Subsystem: 10DE:167A
606670|Info:    Registering I2C interface: /dev/i2c-8 Device 1022:790B Subsystem: 1043:8877
606670|Info:    Registering I2C interface: /dev/i2c-6 Device 1022:790B Subsystem: 1043:8877
606670|Info:    Registering I2C interface: /dev/i2c-4 Device 10DE:2704 Subsystem: 10DE:167A
606670|Info:    Registering I2C interface: /dev/i2c-2 Device 10DE:2704 Subsystem: 10DE:167A
606670|Info:    Registering I2C interface: /dev/i2c-0 Device 0000:0000 Subsystem: 0000:0000
606670|Info:    Registering I2C interface: /dev/i2c-7 Device 1022:790B Subsystem: 1043:8877
606670|Info:    Registering I2C interface: /dev/i2c-5 Device 10DE:2704 Subsystem: 10DE:167A
606670|Info:    ------------------------------------------------------
606670|Info:    |               Detecting I2C devices                |
606670|Info:    ------------------------------------------------------
607689|Info:    ------------------------------------------------------
607689|Info:    |               Detecting I2C PCI devices            |
607689|Info:    ------------------------------------------------------
607690|Info:    ------------------------------------------------------
607690|Info:    |               Detecting HID devices                |
607690|Info:    ------------------------------------------------------
609164|Info:    [Corsair K70 RGB] Registering RGB controller
609184|Info:    [Sony DualShock 4] Registering RGB controller
609281|Info:    [ASUS TUF GAMING X670E-PLUS] Registering RGB controller
609281|Info:    ------------------------------------------------------
609281|Info:    |            Detecting libusb HID devices            |
609281|Info:    ------------------------------------------------------
610262|Info:    ------------------------------------------------------
610262|Info:    |              Detecting other devices               |
610262|Info:    ------------------------------------------------------
610263|Info:    ------------------------------------------------------
610263|Info:    |                Detection completed                 |
610263|Info:    ------------------------------------------------------
770632|ERROR:   [OpenRGBPluginsPage] Failed to install plugin: filesystem error: cannot copy: No such file or directory [] [/home/beechman/.config/OpenRGB/plugins/]
