    OpenRGB v0.9
    Commit:  from 
    Launched: 20240525_102324
====================================================================================================

0     |Info:    Found file: Main.orp attempting to validate header
0     |Info:    Valid v3 profile found for Main
1001  |Info:    ------------------------------------------------------
1001  |Info:    |               Start device detection               |
1001  |Info:    ------------------------------------------------------
1002  |Info:    Initializing HID interfaces: Success
4174  |Info:    ------------------------------------------------------
4174  |Info:    |             Detecting I2C interfaces               |
4174  |Info:    ------------------------------------------------------
4174  |Info:    Registering I2C interface: /dev/i2c-3 Device 10DE:2704 Subsystem: 10DE:167A
4174  |Info:    Registering I2C interface: /dev/i2c-10 Device 1002:164E Subsystem: 1043:8877
4174  |Info:    Registering I2C interface: /dev/i2c-1 Device 10DE:2704 Subsystem: 10DE:167A
4174  |Info:    Registering I2C interface: /dev/i2c-8 Device 1022:790B Subsystem: 1043:8877
4174  |Info:    Registering I2C interface: /dev/i2c-6 Device 1022:790B Subsystem: 1043:8877
4174  |Info:    Registering I2C interface: /dev/i2c-4 Device 10DE:2704 Subsystem: 10DE:167A
4174  |Warning: [i2c_smbus_linux] Failed to read i2c device PCI device ID
4174  |Info:    Registering I2C interface: /dev/i2c-11 Device 0000:0000 Subsystem: 0000:0000
4174  |Info:    Registering I2C interface: /dev/i2c-2 Device 10DE:2704 Subsystem: 10DE:167A
4175  |Info:    Registering I2C interface: /dev/i2c-0 Device 0000:0000 Subsystem: 0000:0000
4175  |Info:    Registering I2C interface: /dev/i2c-9 Device 1002:164E Subsystem: 1043:8877
4175  |Info:    Registering I2C interface: /dev/i2c-7 Device 1022:790B Subsystem: 1043:8877
4175  |Info:    Registering I2C interface: /dev/i2c-5 Device 10DE:2704 Subsystem: 10DE:167A
4175  |Info:    ------------------------------------------------------
4175  |Info:    |               Detecting I2C devices                |
4175  |Info:    ------------------------------------------------------
5200  |Info:    ------------------------------------------------------
5200  |Info:    |               Detecting I2C PCI devices            |
5200  |Info:    ------------------------------------------------------
5200  |Info:    ------------------------------------------------------
5200  |Info:    |               Detecting HID devices                |
5200  |Info:    ------------------------------------------------------
6684  |Info:    [Corsair K70 RGB] Registering RGB controller
6703  |Info:    [Sony DualShock 4] Registering RGB controller
6786  |Info:    [ASUS TUF GAMING X670E-PLUS] Registering RGB controller
6786  |Info:    ------------------------------------------------------
6786  |Info:    |            Detecting libusb HID devices            |
6786  |Info:    ------------------------------------------------------
7110  |Info:    ------------------------------------------------------
7110  |Info:    |              Detecting other devices               |
7110  |Info:    ------------------------------------------------------
7117  |Info:    ------------------------------------------------------
7117  |Info:    |                Detection completed                 |
7117  |Info:    ------------------------------------------------------
7117  |Info:    Profile loading: FAILED! for Corsair K70 RGB @ HID: /dev/hidraw7
7117  |Info:    Profile loading: FAILED! for Sony DualShock 4 @ HID: /dev/hidraw8
7117  |Info:    Profile loading: Succeeded for ASUS TUF GAMING X670E-PLUS @ HID: /dev/hidraw5
