    OpenRGB v0.9
    Commit:  from 
    Launched: 20240629_111233
====================================================================================================

0     |Info:    Found file: Main.orp attempting to validate header
0     |Info:    Valid v4 profile found for Main
1004  |Info:    ------------------------------------------------------
1004  |Info:    |               Start device detection               |
1004  |Info:    ------------------------------------------------------
1004  |Info:    Initializing HID interfaces: Success
1011  |Info:    ------------------------------------------------------
1011  |Info:    |             Detecting I2C interfaces               |
1011  |Info:    ------------------------------------------------------
1011  |Info:    Registering I2C interface: /dev/i2c-3 Device 10DE:2704 Subsystem: 10DE:167A
1011  |Info:    Registering I2C interface: /dev/i2c-1 Device 10DE:2704 Subsystem: 10DE:167A
1012  |Info:    Registering I2C interface: /dev/i2c-8 Device 1022:790B Subsystem: 1043:8877
1012  |Info:    Registering I2C interface: /dev/i2c-6 Device 1022:790B Subsystem: 1043:8877
1012  |Info:    Registering I2C interface: /dev/i2c-4 Device 10DE:2704 Subsystem: 10DE:167A
1012  |Info:    Registering I2C interface: /dev/i2c-2 Device 10DE:2704 Subsystem: 10DE:167A
1012  |Info:    Registering I2C interface: /dev/i2c-0 Device 0000:0000 Subsystem: 0000:0000
1012  |Info:    Registering I2C interface: /dev/i2c-7 Device 1022:790B Subsystem: 1043:8877
1012  |Info:    Registering I2C interface: /dev/i2c-5 Device 10DE:2704 Subsystem: 10DE:167A
1012  |Info:    ------------------------------------------------------
1012  |Info:    |               Detecting I2C devices                |
1012  |Info:    ------------------------------------------------------
2039  |Info:    ------------------------------------------------------
2039  |Info:    |               Detecting I2C PCI devices            |
2039  |Info:    ------------------------------------------------------
2040  |Info:    ------------------------------------------------------
2040  |Info:    |               Detecting HID devices                |
2040  |Info:    ------------------------------------------------------
3529  |Info:    [Corsair K70 RGB] Registering RGB controller
3546  |Info:    [Sony DualShock 4] Registering RGB controller
3627  |Info:    [ASUS TUF GAMING X670E-PLUS] Registering RGB controller
3627  |Info:    ------------------------------------------------------
3627  |Info:    |            Detecting libusb HID devices            |
3627  |Info:    ------------------------------------------------------
3745  |Info:    ------------------------------------------------------
3745  |Info:    |              Detecting other devices               |
3745  |Info:    ------------------------------------------------------
3752  |Info:    ------------------------------------------------------
3752  |Info:    |                Detection completed                 |
3752  |Info:    ------------------------------------------------------
3752  |Info:    Profile loading: Succeeded for Corsair K70 RGB @ HID: /dev/hidraw7
3752  |Info:    Profile loading: Succeeded for Sony DualShock 4 @ HID: /dev/hidraw12
3752  |Info:    Profile loading: Succeeded for ASUS TUF GAMING X670E-PLUS @ HID: /dev/hidraw5
