    OpenRGB v0.9
    Commit:  from 
    Launched: 20250308_004241
====================================================================================================

0     |Info:    Found file: Main.orp attempting to validate header
1     |Info:    Valid v4 profile found for Main
1005  |Info:    ------------------------------------------------------
1005  |Info:    |               Start device detection               |
1005  |Info:    ------------------------------------------------------
1005  |Info:    Initializing HID interfaces: Success
1011  |Info:    ------------------------------------------------------
1011  |Info:    |             Detecting I2C interfaces               |
1011  |Info:    ------------------------------------------------------
1011  |Info:    Registering I2C interface: /dev/i2c-3 Device 1022:790B Subsystem: 1043:8877
1011  |Info:    Registering I2C interface: /dev/i2c-1 Device 1022:790B Subsystem: 1043:8877
1011  |Info:    Registering I2C interface: /dev/i2c-8 Device 10DE:2704 Subsystem: 10DE:167A
1011  |Info:    Registering I2C interface: /dev/i2c-6 Device 10DE:2704 Subsystem: 10DE:167A
1011  |Info:    Registering I2C interface: /dev/i2c-4 Device 10DE:2704 Subsystem: 10DE:167A
1011  |Info:    Registering I2C interface: /dev/i2c-2 Device 1022:790B Subsystem: 1043:8877
1011  |Info:    Registering I2C interface: /dev/i2c-0 Device 0000:0000 Subsystem: 0000:0000
1011  |Info:    Registering I2C interface: /dev/i2c-7 Device 10DE:2704 Subsystem: 10DE:167A
1011  |Info:    Registering I2C interface: /dev/i2c-5 Device 10DE:2704 Subsystem: 10DE:167A
1011  |Info:    ------------------------------------------------------
1011  |Info:    |               Detecting I2C devices                |
1011  |Info:    ------------------------------------------------------
2020  |Info:    ------------------------------------------------------
2020  |Info:    |               Detecting I2C PCI devices            |
2020  |Info:    ------------------------------------------------------
2021  |Info:    ------------------------------------------------------
2021  |Info:    |               Detecting HID devices                |
2021  |Info:    ------------------------------------------------------
2042  |Info:    [Sony DualShock 4] Registering RGB controller
2119  |Info:    [ASUS TUF GAMING X670E-PLUS] Registering RGB controller
2119  |Info:    ------------------------------------------------------
2119  |Info:    |            Detecting libusb HID devices            |
2119  |Info:    ------------------------------------------------------
2170  |Info:    ------------------------------------------------------
2170  |Info:    |              Detecting other devices               |
2170  |Info:    ------------------------------------------------------
2176  |Info:    ------------------------------------------------------
2176  |Info:    |                Detection completed                 |
2176  |Info:    ------------------------------------------------------
2177  |Info:    Profile loading: Succeeded for Sony DualShock 4 @ HID: /dev/hidraw7
2177  |Info:    Profile loading: Succeeded for ASUS TUF GAMING X670E-PLUS @ HID: /dev/hidraw6
