    OpenRGB v0.9
    Commit:  from 
    Launched: 20240911_105041
====================================================================================================

0     |Info:    Found file: Main.orp attempting to validate header
1     |Info:    Valid v4 profile found for Main
1003  |Info:    ------------------------------------------------------
1003  |Info:    |               Start device detection               |
1003  |Info:    ------------------------------------------------------
1003  |Info:    Initializing HID interfaces: Success
1008  |Info:    ------------------------------------------------------
1008  |Info:    |             Detecting I2C interfaces               |
1008  |Info:    ------------------------------------------------------
1008  |Info:    Registering I2C interface: /dev/i2c-3 Device 10DE:2704 Subsystem: 10DE:167A
1008  |Info:    Registering I2C interface: /dev/i2c-1 Device 10DE:2704 Subsystem: 10DE:167A
1008  |Info:    Registering I2C interface: /dev/i2c-8 Device 1022:790B Subsystem: 1043:8877
1008  |Info:    Registering I2C interface: /dev/i2c-6 Device 1022:790B Subsystem: 1043:8877
1008  |Info:    Registering I2C interface: /dev/i2c-4 Device 10DE:2704 Subsystem: 10DE:167A
1008  |Info:    Registering I2C interface: /dev/i2c-2 Device 10DE:2704 Subsystem: 10DE:167A
1009  |Info:    Registering I2C interface: /dev/i2c-0 Device 0000:0000 Subsystem: 0000:0000
1009  |Info:    Registering I2C interface: /dev/i2c-7 Device 1022:790B Subsystem: 1043:8877
1009  |Info:    Registering I2C interface: /dev/i2c-5 Device 10DE:2704 Subsystem: 10DE:167A
1009  |Info:    ------------------------------------------------------
1009  |Info:    |               Detecting I2C devices                |
1009  |Info:    ------------------------------------------------------
2029  |Info:    ------------------------------------------------------
2029  |Info:    |               Detecting I2C PCI devices            |
2029  |Info:    ------------------------------------------------------
2030  |Info:    ------------------------------------------------------
2030  |Info:    |               Detecting HID devices                |
2030  |Info:    ------------------------------------------------------
2046  |Info:    [Sony DualShock 4] Registering RGB controller
2130  |Info:    [ASUS TUF GAMING X670E-PLUS] Registering RGB controller
2130  |Info:    ------------------------------------------------------
2130  |Info:    |            Detecting libusb HID devices            |
2130  |Info:    ------------------------------------------------------
2186  |Info:    ------------------------------------------------------
2186  |Info:    |              Detecting other devices               |
2186  |Info:    ------------------------------------------------------
2191  |Info:    ------------------------------------------------------
2191  |Info:    |                Detection completed                 |
2191  |Info:    ------------------------------------------------------
2192  |Info:    Profile loading: Succeeded for Sony DualShock 4 @ HID: /dev/hidraw0
2192  |Info:    Profile loading: Succeeded for ASUS TUF GAMING X670E-PLUS @ HID: /dev/hidraw3
