    OpenRGB v0.9
    Commit:  from 
    Launched: 20250302_181433
====================================================================================================

0     |Info:    Found file: Main.orp attempting to validate header
0     |Info:    Valid v4 profile found for Main
1006  |Info:    ------------------------------------------------------
1006  |Info:    |               Start device detection               |
1007  |Info:    ------------------------------------------------------
1007  |Info:    Initializing HID interfaces: Success
1011  |Info:    ------------------------------------------------------
1011  |Info:    |             Detecting I2C interfaces               |
1011  |Info:    ------------------------------------------------------
1011  |Info:    Registering I2C interface: /dev/i2c-3 Device 1022:790B Subsystem: 1043:8877
1011  |Info:    Registering I2C interface: /dev/i2c-1 Device 1022:790B Subsystem: 1043:8877
1011  |Info:    Registering I2C interface: /dev/i2c-8 Device 10DE:2704 Subsystem: 10DE:167A
1011  |Info:    Registering I2C interface: /dev/i2c-6 Device 10DE:2704 Subsystem: 10DE:167A
1011  |Info:    Registering I2C interface: /dev/i2c-4 Device 10DE:2704 Subsystem: 10DE:167A
1011  |Info:    Registering I2C interface: /dev/i2c-2 Device 1022:790B Subsystem: 1043:8877
1011  |Info:    Registering I2C interface: /dev/i2c-0 Device 0000:0000 Subsystem: 0000:0000
1011  |Info:    Registering I2C interface: /dev/i2c-7 Device 10DE:2704 Subsystem: 10DE:167A
1011  |Info:    Registering I2C interface: /dev/i2c-5 Device 10DE:2704 Subsystem: 10DE:167A
1011  |Info:    ------------------------------------------------------
1011  |Info:    |               Detecting I2C devices                |
1011  |Info:    ------------------------------------------------------
2016  |Info:    ------------------------------------------------------
2016  |Info:    |               Detecting I2C PCI devices            |
2016  |Info:    ------------------------------------------------------
2016  |Info:    ------------------------------------------------------
2016  |Info:    |               Detecting HID devices                |
2016  |Info:    ------------------------------------------------------
2101  |Info:    [ASUS TUF GAMING X670E-PLUS] Registering RGB controller
2101  |Info:    ------------------------------------------------------
2101  |Info:    |            Detecting libusb HID devices            |
2101  |Info:    ------------------------------------------------------
2134  |Info:    ------------------------------------------------------
2134  |Info:    |              Detecting other devices               |
2134  |Info:    ------------------------------------------------------
2140  |Info:    ------------------------------------------------------
2140  |Info:    |                Detection completed                 |
2140  |Info:    ------------------------------------------------------
2140  |Info:    Profile loading: Succeeded for ASUS TUF GAMING X670E-PLUS @ HID: /dev/hidraw5
