    OpenRGB v0.9
    Commit:  from 
    Launched: 20240516_191639
====================================================================================================

0     |Info:    Found file: Main.orp attempting to validate header
0     |Info:    Valid v3 profile found for Main
1002  |Info:    ------------------------------------------------------
1002  |Info:    |               Start device detection               |
1002  |Info:    ------------------------------------------------------
1002  |Info:    Initializing HID interfaces: Success
3162  |Info:    ------------------------------------------------------
3162  |Info:    |             Detecting I2C interfaces               |
3162  |Info:    ------------------------------------------------------
3162  |Info:    Registering I2C interface: /dev/i2c-3 Device 10DE:2704 Subsystem: 10DE:167A
3162  |Info:    Registering I2C interface: /dev/i2c-1 Device 10DE:2704 Subsystem: 10DE:167A
3162  |Info:    Registering I2C interface: /dev/i2c-8 Device 1022:790B Subsystem: 1043:8877
3162  |Info:    Registering I2C interface: /dev/i2c-6 Device 1022:790B Subsystem: 1043:8877
3163  |Info:    Registering I2C interface: /dev/i2c-4 Device 10DE:2704 Subsystem: 10DE:167A
3163  |Info:    Registering I2C interface: /dev/i2c-2 Device 10DE:2704 Subsystem: 10DE:167A
3163  |Info:    Registering I2C interface: /dev/i2c-0 Device 0000:0000 Subsystem: 0000:0000
3163  |Info:    Registering I2C interface: /dev/i2c-7 Device 1022:790B Subsystem: 1043:8877
3163  |Info:    Registering I2C interface: /dev/i2c-5 Device 10DE:2704 Subsystem: 10DE:167A
3163  |Info:    ------------------------------------------------------
3163  |Info:    |               Detecting I2C devices                |
3163  |Info:    ------------------------------------------------------
4182  |Info:    ------------------------------------------------------
4182  |Info:    |               Detecting I2C PCI devices            |
4182  |Info:    ------------------------------------------------------
4182  |Info:    ------------------------------------------------------
4183  |Info:    |               Detecting HID devices                |
4183  |Info:    ------------------------------------------------------
5665  |Info:    [Corsair K70 RGB] Registering RGB controller
5682  |Info:    [Sony DualShock 4] Registering RGB controller
5769  |Info:    [ASUS TUF GAMING X670E-PLUS] Registering RGB controller
5769  |Info:    ------------------------------------------------------
5769  |Info:    |            Detecting libusb HID devices            |
5769  |Info:    ------------------------------------------------------
5879  |Info:    ------------------------------------------------------
5879  |Info:    |              Detecting other devices               |
5879  |Info:    ------------------------------------------------------
5886  |Info:    ------------------------------------------------------
5886  |Info:    |                Detection completed                 |
5886  |Info:    ------------------------------------------------------
5886  |Info:    Profile loading: FAILED! for Corsair K70 RGB @ HID: /dev/hidraw7
5886  |Info:    Profile loading: FAILED! for Sony DualShock 4 @ HID: /dev/hidraw12
5886  |Info:    Profile loading: Succeeded for ASUS TUF GAMING X670E-PLUS @ HID: /dev/hidraw3
