    OpenRGB v0.9
    Commit:  from 
    Launched: 20240527_134617
====================================================================================================

7     |Info:    Found file: Main.orp attempting to validate header
7     |Info:    Valid v4 profile found for Main
1008  |Info:    ------------------------------------------------------
1008  |Info:    |               Start device detection               |
1008  |Info:    ------------------------------------------------------
1008  |Info:    Initializing HID interfaces: Success
1014  |Info:    ------------------------------------------------------
1014  |Info:    |             Detecting I2C interfaces               |
1014  |Info:    ------------------------------------------------------
1014  |Info:    Registering I2C interface: /dev/i2c-3 Device 10DE:2704 Subsystem: 10DE:167A
1014  |Info:    Registering I2C interface: /dev/i2c-1 Device 10DE:2704 Subsystem: 10DE:167A
1014  |Info:    Registering I2C interface: /dev/i2c-8 Device 1022:790B Subsystem: 1043:8877
1014  |Info:    Registering I2C interface: /dev/i2c-6 Device 1022:790B Subsystem: 1043:8877
1014  |Info:    Registering I2C interface: /dev/i2c-4 Device 10DE:2704 Subsystem: 10DE:167A
1014  |Info:    Registering I2C interface: /dev/i2c-2 Device 10DE:2704 Subsystem: 10DE:167A
1014  |Info:    Registering I2C interface: /dev/i2c-0 Device 0000:0000 Subsystem: 0000:0000
1014  |Info:    Registering I2C interface: /dev/i2c-7 Device 1022:790B Subsystem: 1043:8877
1014  |Info:    Registering I2C interface: /dev/i2c-5 Device 10DE:2704 Subsystem: 10DE:167A
1014  |Info:    ------------------------------------------------------
1014  |Info:    |               Detecting I2C devices                |
1014  |Info:    ------------------------------------------------------
1116  |Warning: [PluginManager] Plugin /home/beechman/.config/OpenRGB/plugins/OpenRGBEffectsPlugin_0.8_Linux_64_a82937c.so has an incompatible API version
2033  |Info:    ------------------------------------------------------
2033  |Info:    |               Detecting I2C PCI devices            |
2033  |Info:    ------------------------------------------------------
2034  |Info:    ------------------------------------------------------
2034  |Info:    |               Detecting HID devices                |
2034  |Info:    ------------------------------------------------------
3504  |Info:    [Corsair K70 RGB] Registering RGB controller
3524  |Info:    [Sony DualShock 4] Registering RGB controller
3608  |Info:    [ASUS TUF GAMING X670E-PLUS] Registering RGB controller
3608  |Info:    ------------------------------------------------------
3608  |Info:    |            Detecting libusb HID devices            |
3608  |Info:    ------------------------------------------------------
3718  |Info:    ------------------------------------------------------
3718  |Info:    |              Detecting other devices               |
3718  |Info:    ------------------------------------------------------
3725  |Info:    ------------------------------------------------------
3725  |Info:    |                Detection completed                 |
3725  |Info:    ------------------------------------------------------
2416650|Info:    ------------------------------------------------------
2416650|Info:    |               Start device detection               |
2416650|Info:    ------------------------------------------------------
2416651|Info:    Initializing HID interfaces: Success
2416657|Info:    ------------------------------------------------------
2416657|Info:    |             Detecting I2C interfaces               |
2416657|Info:    ------------------------------------------------------
2416657|Info:    Registering I2C interface: /dev/i2c-3 Device 10DE:2704 Subsystem: 10DE:167A
2416657|Info:    Registering I2C interface: /dev/i2c-1 Device 10DE:2704 Subsystem: 10DE:167A
2416658|Info:    Registering I2C interface: /dev/i2c-8 Device 1022:790B Subsystem: 1043:8877
2416658|Info:    Registering I2C interface: /dev/i2c-6 Device 1022:790B Subsystem: 1043:8877
2416658|Info:    Registering I2C interface: /dev/i2c-4 Device 10DE:2704 Subsystem: 10DE:167A
2416658|Info:    Registering I2C interface: /dev/i2c-2 Device 10DE:2704 Subsystem: 10DE:167A
2416658|Info:    Registering I2C interface: /dev/i2c-0 Device 0000:0000 Subsystem: 0000:0000
2416658|Info:    Registering I2C interface: /dev/i2c-7 Device 1022:790B Subsystem: 1043:8877
2416658|Info:    Registering I2C interface: /dev/i2c-5 Device 10DE:2704 Subsystem: 10DE:167A
2416658|Info:    ------------------------------------------------------
2416658|Info:    |               Detecting I2C devices                |
2416658|Info:    ------------------------------------------------------
2417676|Info:    ------------------------------------------------------
2417676|Info:    |               Detecting I2C PCI devices            |
2417676|Info:    ------------------------------------------------------
2417676|Info:    ------------------------------------------------------
2417676|Info:    |               Detecting HID devices                |
2417676|Info:    ------------------------------------------------------
2419160|Info:    [Corsair K70 RGB] Registering RGB controller
2419176|Info:    [Sony DualShock 4] Registering RGB controller
2419270|Info:    [ASUS TUF GAMING X670E-PLUS] Registering RGB controller
2419270|Info:    ------------------------------------------------------
2419270|Info:    |            Detecting libusb HID devices            |
2419270|Info:    ------------------------------------------------------
2419373|Info:    ------------------------------------------------------
2419373|Info:    |              Detecting other devices               |
2419373|Info:    ------------------------------------------------------
2419374|Info:    ------------------------------------------------------
2419374|Info:    |                Detection completed                 |
2419374|Info:    ------------------------------------------------------
2762687|Info:    Found file: Main.orp attempting to validate header
2762687|Info:    Valid v4 profile found for Main
2823799|Info:    Found file: Main.orp attempting to validate header
2823799|Info:    Valid v4 profile found for Main
2876900|Info:    Found file: Main.orp attempting to validate header
2876900|Info:    Valid v4 profile found for Main
2899541|Info:    Found file: Main.orp attempting to validate header
2899541|Info:    Valid v4 profile found for Main
2978094|Info:    Found file: Main.orp attempting to validate header
2978094|Info:    Valid v4 profile found for Main
