    OpenRGB v0.9
    Commit:  from 
    Launched: 20250331_175240
====================================================================================================

0     |Info:    Found file: Main.orp attempting to validate header
0     |Info:    Valid v4 profile found for Main
1007  |Info:    ------------------------------------------------------
1007  |Info:    |               Start device detection               |
1007  |Info:    ------------------------------------------------------
1007  |Info:    Initializing HID interfaces: Success
1012  |Info:    ------------------------------------------------------
1012  |Info:    |             Detecting I2C interfaces               |
1012  |Info:    ------------------------------------------------------
1012  |Info:    Registering I2C interface: /dev/i2c-3 Device 1022:790B Subsystem: 1043:8877
1012  |Info:    Registering I2C interface: /dev/i2c-1 Device 1022:790B Subsystem: 1043:8877
1012  |Info:    Registering I2C interface: /dev/i2c-8 Device 10DE:2704 Subsystem: 10DE:167A
1012  |Info:    Registering I2C interface: /dev/i2c-6 Device 10DE:2704 Subsystem: 10DE:167A
1012  |Info:    Registering I2C interface: /dev/i2c-4 Device 10DE:2704 Subsystem: 10DE:167A
1012  |Info:    Registering I2C interface: /dev/i2c-2 Device 1022:790B Subsystem: 1043:8877
1012  |Info:    Registering I2C interface: /dev/i2c-0 Device 0000:0000 Subsystem: 0000:0000
1012  |Info:    Registering I2C interface: /dev/i2c-7 Device 10DE:2704 Subsystem: 10DE:167A
1012  |Info:    Registering I2C interface: /dev/i2c-5 Device 10DE:2704 Subsystem: 10DE:167A
1012  |Info:    ------------------------------------------------------
1012  |Info:    |               Detecting I2C devices                |
1012  |Info:    ------------------------------------------------------
2021  |Info:    ------------------------------------------------------
2021  |Info:    |               Detecting I2C PCI devices            |
2021  |Info:    ------------------------------------------------------
2021  |Info:    ------------------------------------------------------
2021  |Info:    |               Detecting HID devices                |
2021  |Info:    ------------------------------------------------------
2040  |Info:    [Sony DualShock 4] Registering RGB controller
2115  |Info:    [ASUS TUF GAMING X670E-PLUS] Registering RGB controller
2115  |Info:    ------------------------------------------------------
2115  |Info:    |            Detecting libusb HID devices            |
2115  |Info:    ------------------------------------------------------
2165  |Info:    ------------------------------------------------------
2165  |Info:    |              Detecting other devices               |
2165  |Info:    ------------------------------------------------------
2171  |Info:    ------------------------------------------------------
2171  |Info:    |                Detection completed                 |
2171  |Info:    ------------------------------------------------------
2171  |Info:    Profile loading: Succeeded for Sony DualShock 4 @ HID: /dev/hidraw7
2171  |Info:    Profile loading: Succeeded for ASUS TUF GAMING X670E-PLUS @ HID: /dev/hidraw6
