    OpenRGB v0.9
    Commit:  from 
    Launched: 20240624_183654
====================================================================================================

0     |Info:    Found file: Main.orp attempting to validate header
0     |Info:    Valid v4 profile found for Main
1001  |Info:    ------------------------------------------------------
1001  |Info:    |               Start device detection               |
1001  |Info:    ------------------------------------------------------
1002  |Info:    Initializing HID interfaces: Success
1008  |Info:    ------------------------------------------------------
1008  |Info:    |             Detecting I2C interfaces               |
1008  |Info:    ------------------------------------------------------
1008  |Info:    Registering I2C interface: /dev/i2c-3 Device 10DE:2704 Subsystem: 10DE:167A
1008  |Info:    Registering I2C interface: /dev/i2c-1 Device 10DE:2704 Subsystem: 10DE:167A
1008  |Info:    Registering I2C interface: /dev/i2c-8 Device 1022:790B Subsystem: 1043:8877
1008  |Info:    Registering I2C interface: /dev/i2c-6 Device 1022:790B Subsystem: 1043:8877
1008  |Info:    Registering I2C interface: /dev/i2c-4 Device 10DE:2704 Subsystem: 10DE:167A
1008  |Info:    Registering I2C interface: /dev/i2c-2 Device 10DE:2704 Subsystem: 10DE:167A
1008  |Info:    Registering I2C interface: /dev/i2c-0 Device 0000:0000 Subsystem: 0000:0000
1009  |Info:    Registering I2C interface: /dev/i2c-7 Device 1022:790B Subsystem: 1043:8877
1009  |Info:    Registering I2C interface: /dev/i2c-5 Device 10DE:2704 Subsystem: 10DE:167A
1009  |Info:    ------------------------------------------------------
1009  |Info:    |               Detecting I2C devices                |
1009  |Info:    ------------------------------------------------------
2028  |Info:    ------------------------------------------------------
2028  |Info:    |               Detecting I2C PCI devices            |
2028  |Info:    ------------------------------------------------------
2028  |Info:    ------------------------------------------------------
2028  |Info:    |               Detecting HID devices                |
2028  |Info:    ------------------------------------------------------
3515  |Info:    [Corsair K70 RGB] Registering RGB controller
3535  |Info:    [Sony DualShock 4] Registering RGB controller
3618  |Info:    [ASUS TUF GAMING X670E-PLUS] Registering RGB controller
3618  |Info:    ------------------------------------------------------
3618  |Info:    |            Detecting libusb HID devices            |
3618  |Info:    ------------------------------------------------------
3734  |Info:    ------------------------------------------------------
3734  |Info:    |              Detecting other devices               |
3734  |Info:    ------------------------------------------------------
3740  |Info:    ------------------------------------------------------
3740  |Info:    |                Detection completed                 |
3740  |Info:    ------------------------------------------------------
3740  |Info:    Profile loading: Succeeded for Corsair K70 RGB @ HID: /dev/hidraw7
3740  |Info:    Profile loading: Succeeded for Sony DualShock 4 @ HID: /dev/hidraw8
3740  |Info:    Profile loading: Succeeded for ASUS TUF GAMING X670E-PLUS @ HID: /dev/hidraw5
