    OpenRGB v0.9
    Commit:  from 
    Launched: 20250304_221133
====================================================================================================

1     |Info:    Found file: Main.orp attempting to validate header
1     |Info:    Valid v4 profile found for Main
1002  |Info:    ------------------------------------------------------
1002  |Info:    |               Start device detection               |
1002  |Info:    ------------------------------------------------------
1002  |Info:    Initializing HID interfaces: Success
1006  |Info:    ------------------------------------------------------
1006  |Info:    |             Detecting I2C interfaces               |
1006  |Info:    ------------------------------------------------------
1006  |Info:    Registering I2C interface: /dev/i2c-3 Device 1022:790B Subsystem: 1043:8877
1007  |Info:    Registering I2C interface: /dev/i2c-1 Device 1022:790B Subsystem: 1043:8877
1007  |Info:    Registering I2C interface: /dev/i2c-8 Device 10DE:2704 Subsystem: 10DE:167A
1007  |Info:    Registering I2C interface: /dev/i2c-6 Device 10DE:2704 Subsystem: 10DE:167A
1007  |Info:    Registering I2C interface: /dev/i2c-4 Device 10DE:2704 Subsystem: 10DE:167A
1007  |Info:    Registering I2C interface: /dev/i2c-2 Device 1022:790B Subsystem: 1043:8877
1007  |Info:    Registering I2C interface: /dev/i2c-0 Device 0000:0000 Subsystem: 0000:0000
1007  |Info:    Registering I2C interface: /dev/i2c-7 Device 10DE:2704 Subsystem: 10DE:167A
1007  |Info:    Registering I2C interface: /dev/i2c-5 Device 10DE:2704 Subsystem: 10DE:167A
1007  |Info:    ------------------------------------------------------
1007  |Info:    |               Detecting I2C devices                |
1007  |Info:    ------------------------------------------------------
2009  |Info:    ------------------------------------------------------
2009  |Info:    |               Detecting I2C PCI devices            |
2009  |Info:    ------------------------------------------------------
2009  |Info:    ------------------------------------------------------
2009  |Info:    |               Detecting HID devices                |
2009  |Info:    ------------------------------------------------------
2085  |Info:    [ASUS TUF GAMING X670E-PLUS] Registering RGB controller
2085  |Info:    ------------------------------------------------------
2085  |Info:    |            Detecting libusb HID devices            |
2085  |Info:    ------------------------------------------------------
2117  |Info:    ------------------------------------------------------
2117  |Info:    |              Detecting other devices               |
2117  |Info:    ------------------------------------------------------
2122  |Info:    ------------------------------------------------------
2122  |Info:    |                Detection completed                 |
2122  |Info:    ------------------------------------------------------
2122  |Info:    Profile loading: Succeeded for ASUS TUF GAMING X670E-PLUS @ HID: /dev/hidraw6
