    OpenRGB v0.9
    Commit:  from 
    Launched: 20240615_202112
====================================================================================================

0     |Info:    Found file: Main.orp attempting to validate header
0     |Info:    Valid v4 profile found for Main
1001  |Info:    ------------------------------------------------------
1001  |Info:    |               Start device detection               |
1001  |Info:    ------------------------------------------------------
1001  |Info:    Initializing HID interfaces: Success
1007  |Info:    ------------------------------------------------------
1007  |Info:    |             Detecting I2C interfaces               |
1007  |Info:    ------------------------------------------------------
1007  |Info:    Registering I2C interface: /dev/i2c-3 Device 10DE:2704 Subsystem: 10DE:167A
1007  |Info:    Registering I2C interface: /dev/i2c-1 Device 10DE:2704 Subsystem: 10DE:167A
1007  |Info:    Registering I2C interface: /dev/i2c-8 Device 1022:790B Subsystem: 1043:8877
1007  |Info:    Registering I2C interface: /dev/i2c-6 Device 1022:790B Subsystem: 1043:8877
1007  |Info:    Registering I2C interface: /dev/i2c-4 Device 10DE:2704 Subsystem: 10DE:167A
1007  |Info:    Registering I2C interface: /dev/i2c-2 Device 10DE:2704 Subsystem: 10DE:167A
1007  |Info:    Registering I2C interface: /dev/i2c-0 Device 0000:0000 Subsystem: 0000:0000
1007  |Info:    Registering I2C interface: /dev/i2c-7 Device 1022:790B Subsystem: 1043:8877
1007  |Info:    Registering I2C interface: /dev/i2c-5 Device 10DE:2704 Subsystem: 10DE:167A
1007  |Info:    ------------------------------------------------------
1007  |Info:    |               Detecting I2C devices                |
1007  |Info:    ------------------------------------------------------
2029  |Info:    ------------------------------------------------------
2029  |Info:    |               Detecting I2C PCI devices            |
2029  |Info:    ------------------------------------------------------
2029  |Info:    ------------------------------------------------------
2029  |Info:    |               Detecting HID devices                |
2029  |Info:    ------------------------------------------------------
3522  |Info:    [Corsair K70 RGB] Registering RGB controller
3542  |Info:    [Sony DualShock 4] Registering RGB controller
3626  |Info:    [ASUS TUF GAMING X670E-PLUS] Registering RGB controller
3626  |Info:    ------------------------------------------------------
3626  |Info:    |            Detecting libusb HID devices            |
3626  |Info:    ------------------------------------------------------
3742  |Info:    ------------------------------------------------------
3742  |Info:    |              Detecting other devices               |
3742  |Info:    ------------------------------------------------------
3748  |Info:    ------------------------------------------------------
3748  |Info:    |                Detection completed                 |
3748  |Info:    ------------------------------------------------------
3748  |Info:    Profile loading: Succeeded for Corsair K70 RGB @ HID: /dev/hidraw7
3748  |Info:    Profile loading: Succeeded for Sony DualShock 4 @ HID: /dev/hidraw12
3748  |Info:    Profile loading: Succeeded for ASUS TUF GAMING X670E-PLUS @ HID: /dev/hidraw5
