    OpenRGB v0.9
    Commit:  from 
    Launched: 20241001_193759
====================================================================================================

0     |Info:    Found file: Main.orp attempting to validate header
1     |Info:    Valid v4 profile found for Main
1002  |Info:    ------------------------------------------------------
1002  |Info:    |               Start device detection               |
1002  |Info:    ------------------------------------------------------
1002  |Info:    Initializing HID interfaces: Success
1763  |Info:    ------------------------------------------------------
1763  |Info:    |             Detecting I2C interfaces               |
1763  |Info:    ------------------------------------------------------
1763  |Info:    Registering I2C interface: /dev/i2c-3 Device 10DE:2704 Subsystem: 10DE:167A
1763  |Info:    Registering I2C interface: /dev/i2c-1 Device 10DE:2704 Subsystem: 10DE:167A
1763  |Info:    Registering I2C interface: /dev/i2c-8 Device 1022:790B Subsystem: 1043:8877
1763  |Info:    Registering I2C interface: /dev/i2c-6 Device 1022:790B Subsystem: 1043:8877
1763  |Info:    Registering I2C interface: /dev/i2c-4 Device 10DE:2704 Subsystem: 10DE:167A
1763  |Info:    Registering I2C interface: /dev/i2c-2 Device 10DE:2704 Subsystem: 10DE:167A
1763  |Info:    Registering I2C interface: /dev/i2c-0 Device 0000:0000 Subsystem: 0000:0000
1764  |Info:    Registering I2C interface: /dev/i2c-7 Device 1022:790B Subsystem: 1043:8877
1764  |Info:    Registering I2C interface: /dev/i2c-5 Device 10DE:2704 Subsystem: 10DE:167A
1764  |Info:    ------------------------------------------------------
1764  |Info:    |               Detecting I2C devices                |
1764  |Info:    ------------------------------------------------------
2784  |Info:    ------------------------------------------------------
2784  |Info:    |               Detecting I2C PCI devices            |
2784  |Info:    ------------------------------------------------------
2785  |Info:    ------------------------------------------------------
2785  |Info:    |               Detecting HID devices                |
2785  |Info:    ------------------------------------------------------
2872  |Info:    [ASUS TUF GAMING X670E-PLUS] Registering RGB controller
2872  |Info:    ------------------------------------------------------
2872  |Info:    |            Detecting libusb HID devices            |
2873  |Info:    ------------------------------------------------------
2910  |Info:    ------------------------------------------------------
2910  |Info:    |              Detecting other devices               |
2910  |Info:    ------------------------------------------------------
2915  |Info:    ------------------------------------------------------
2915  |Info:    |                Detection completed                 |
2915  |Info:    ------------------------------------------------------
2915  |Info:    Profile loading: Succeeded for ASUS TUF GAMING X670E-PLUS @ HID: /dev/hidraw0
