    OpenRGB v0.9
    Commit:  from 
    Launched: 20250302_175759
====================================================================================================

1     |Info:    Found file: Main.orp attempting to validate header
1     |Info:    Valid v4 profile found for Main
1002  |Info:    ------------------------------------------------------
1002  |Info:    |               Start device detection               |
1002  |Info:    ------------------------------------------------------
1002  |Info:    Initializing HID interfaces: Success
1006  |Info:    ------------------------------------------------------
1006  |Info:    |             Detecting I2C interfaces               |
1006  |Info:    ------------------------------------------------------
1006  |Info:    Registering I2C interface: /dev/i2c-3 Device 1022:790B Subsystem: 1043:8877
1006  |Info:    Registering I2C interface: /dev/i2c-8 Device 10DE:2704 Subsystem: 10DE:167A
1006  |Info:    Registering I2C interface: /dev/i2c-6 Device 10DE:2704 Subsystem: 10DE:167A
1006  |Info:    Registering I2C interface: /dev/i2c-4 Device 10DE:2704 Subsystem: 10DE:167A
1006  |Info:    Registering I2C interface: /dev/i2c-0 Device 0000:0000 Subsystem: 0000:0000
1006  |Info:    Registering I2C interface: /dev/i2c-5 Device 10DE:2704 Subsystem: 10DE:167A
1006  |Info:    ------------------------------------------------------
1006  |Info:    |               Detecting I2C devices                |
1006  |Info:    ------------------------------------------------------
1288  |Info:    ------------------------------------------------------
1288  |Info:    |               Detecting I2C PCI devices            |
1288  |Info:    ------------------------------------------------------
1288  |Info:    ------------------------------------------------------
1288  |Info:    |               Detecting HID devices                |
1288  |Info:    ------------------------------------------------------
1363  |Info:    [ASUS TUF GAMING X670E-PLUS] Registering RGB controller
1363  |Info:    ------------------------------------------------------
1363  |Info:    |            Detecting libusb HID devices            |
1363  |Info:    ------------------------------------------------------
1395  |Info:    ------------------------------------------------------
1395  |Info:    |              Detecting other devices               |
1395  |Info:    ------------------------------------------------------
1400  |Info:    ------------------------------------------------------
1400  |Info:    |                Detection completed                 |
1400  |Info:    ------------------------------------------------------
1400  |Dialog:  <h2>WARNING:</h2><p>One or more I2C/SMBus interfaces failed to initialize.</p><p>RGB DRAM modules and some motherboards' onboard RGB lighting will not be available without I2C/SMBus.</p><p>On Linux, this is usually because the i2c-dev module is not loaded.  You must load the i2c-dev module along with the correct i2c driver for your motherboard.  This is usually i2c-piix4 for AMD systems and i2c-i801 for Intel systems.</p><p>See <a href='https://help.openrgb.org/'>help.openrgb.org</a> for additional troubleshooting steps if you keep seeing this message.<br></p>
1400  |Info:    Profile loading: Succeeded for ASUS TUF GAMING X670E-PLUS @ HID: /dev/hidraw5
