    OpenRGB v0.9
    Commit:  from 
    Launched: 20240606_193556
====================================================================================================

0     |Info:    Found file: Main.orp attempting to validate header
0     |Info:    Valid v4 profile found for Main
1002  |Info:    ------------------------------------------------------
1002  |Info:    |               Start device detection               |
1002  |Info:    ------------------------------------------------------
1002  |Info:    Initializing HID interfaces: Success
2758  |Info:    ------------------------------------------------------
2758  |Info:    |             Detecting I2C interfaces               |
2758  |Info:    ------------------------------------------------------
2758  |Info:    Registering I2C interface: /dev/i2c-3 Device 10DE:2704 Subsystem: 10DE:167A
2758  |Info:    Registering I2C interface: /dev/i2c-1 Device 10DE:2704 Subsystem: 10DE:167A
2758  |Info:    Registering I2C interface: /dev/i2c-8 Device 1022:790B Subsystem: 1043:8877
2758  |Info:    Registering I2C interface: /dev/i2c-6 Device 1022:790B Subsystem: 1043:8877
2758  |Info:    Registering I2C interface: /dev/i2c-4 Device 10DE:2704 Subsystem: 10DE:167A
2758  |Info:    Registering I2C interface: /dev/i2c-2 Device 10DE:2704 Subsystem: 10DE:167A
2758  |Info:    Registering I2C interface: /dev/i2c-0 Device 0000:0000 Subsystem: 0000:0000
2758  |Info:    Registering I2C interface: /dev/i2c-7 Device 1022:790B Subsystem: 1043:8877
2758  |Info:    Registering I2C interface: /dev/i2c-5 Device 10DE:2704 Subsystem: 10DE:167A
2758  |Info:    ------------------------------------------------------
2758  |Info:    |               Detecting I2C devices                |
2758  |Info:    ------------------------------------------------------
3778  |Info:    ------------------------------------------------------
3778  |Info:    |               Detecting I2C PCI devices            |
3778  |Info:    ------------------------------------------------------
3779  |Info:    ------------------------------------------------------
3779  |Info:    |               Detecting HID devices                |
3779  |Info:    ------------------------------------------------------
5264  |Info:    [Corsair K70 RGB] Registering RGB controller
5281  |Info:    [Sony DualShock 4] Registering RGB controller
5360  |Info:    [ASUS TUF GAMING X670E-PLUS] Registering RGB controller
5360  |Info:    ------------------------------------------------------
5360  |Info:    |            Detecting libusb HID devices            |
5360  |Info:    ------------------------------------------------------
5470  |Info:    ------------------------------------------------------
5470  |Info:    |              Detecting other devices               |
5470  |Info:    ------------------------------------------------------
5477  |Info:    ------------------------------------------------------
5477  |Info:    |                Detection completed                 |
5477  |Info:    ------------------------------------------------------
5477  |Info:    Profile loading: Succeeded for Corsair K70 RGB @ HID: /dev/hidraw7
5477  |Info:    Profile loading: Succeeded for Sony DualShock 4 @ HID: /dev/hidraw12
5477  |Info:    Profile loading: Succeeded for ASUS TUF GAMING X670E-PLUS @ HID: /dev/hidraw5
